  Source.cpp
C:\Users\3B\source\repos\1111\1111\Source.cpp(121,54): warning C4244: 'argument': conversion from 'int' to 'T', possible loss of data
C:\Users\3B\source\repos\1111\1111\Source.cpp(121,54): warning C4244:         with
C:\Users\3B\source\repos\1111\1111\Source.cpp(121,54): warning C4244:         [
C:\Users\3B\source\repos\1111\1111\Source.cpp(121,54): warning C4244:             T=float
C:\Users\3B\source\repos\1111\1111\Source.cpp(121,54): warning C4244:         ]
C:\Users\3B\source\repos\1111\1111\Source.cpp(121,50): warning C4244: 'argument': conversion from 'int' to 'T', possible loss of data
C:\Users\3B\source\repos\1111\1111\Source.cpp(121,50): warning C4244:         with
C:\Users\3B\source\repos\1111\1111\Source.cpp(121,50): warning C4244:         [
C:\Users\3B\source\repos\1111\1111\Source.cpp(121,50): warning C4244:             T=float
C:\Users\3B\source\repos\1111\1111\Source.cpp(121,50): warning C4244:         ]
C:\Users\3B\source\repos\1111\1111\Source.cpp(122,48): warning C4244: 'argument': conversion from 'int' to 'float', possible loss of data
C:\Users\3B\source\repos\1111\1111\Source.cpp(122,40): warning C4244: 'argument': conversion from 'int' to 'float', possible loss of data
C:\Users\3B\source\repos\1111\1111\Source.cpp(129,72): warning C4244: 'argument': conversion from 'int' to 'T', possible loss of data
C:\Users\3B\source\repos\1111\1111\Source.cpp(129,72): warning C4244:         with
C:\Users\3B\source\repos\1111\1111\Source.cpp(129,72): warning C4244:         [
C:\Users\3B\source\repos\1111\1111\Source.cpp(129,72): warning C4244:             T=float
C:\Users\3B\source\repos\1111\1111\Source.cpp(129,72): warning C4244:         ]
C:\Users\3B\source\repos\1111\1111\Source.cpp(129,61): warning C4244: 'argument': conversion from 'int' to 'T', possible loss of data
C:\Users\3B\source\repos\1111\1111\Source.cpp(129,61): warning C4244:         with
C:\Users\3B\source\repos\1111\1111\Source.cpp(129,61): warning C4244:         [
C:\Users\3B\source\repos\1111\1111\Source.cpp(129,61): warning C4244:             T=float
C:\Users\3B\source\repos\1111\1111\Source.cpp(129,61): warning C4244:         ]
C:\Users\3B\source\repos\1111\1111\Source.cpp(130,84): warning C4244: 'argument': conversion from 'int' to 'T', possible loss of data
C:\Users\3B\source\repos\1111\1111\Source.cpp(130,84): warning C4244:         with
C:\Users\3B\source\repos\1111\1111\Source.cpp(130,84): warning C4244:         [
C:\Users\3B\source\repos\1111\1111\Source.cpp(130,84): warning C4244:             T=float
C:\Users\3B\source\repos\1111\1111\Source.cpp(130,84): warning C4244:         ]
C:\Users\3B\source\repos\1111\1111\Source.cpp(130,67): warning C4244: 'argument': conversion from 'int' to 'T', possible loss of data
C:\Users\3B\source\repos\1111\1111\Source.cpp(130,67): warning C4244:         with
C:\Users\3B\source\repos\1111\1111\Source.cpp(130,67): warning C4244:         [
C:\Users\3B\source\repos\1111\1111\Source.cpp(130,67): warning C4244:             T=float
C:\Users\3B\source\repos\1111\1111\Source.cpp(130,67): warning C4244:         ]
C:\Users\3B\source\repos\1111\1111\Source.cpp(131,78): warning C4244: 'argument': conversion from 'int' to 'T', possible loss of data
C:\Users\3B\source\repos\1111\1111\Source.cpp(131,78): warning C4244:         with
C:\Users\3B\source\repos\1111\1111\Source.cpp(131,78): warning C4244:         [
C:\Users\3B\source\repos\1111\1111\Source.cpp(131,78): warning C4244:             T=float
C:\Users\3B\source\repos\1111\1111\Source.cpp(131,78): warning C4244:         ]
C:\Users\3B\source\repos\1111\1111\Source.cpp(131,61): warning C4244: 'argument': conversion from 'int' to 'T', possible loss of data
C:\Users\3B\source\repos\1111\1111\Source.cpp(131,61): warning C4244:         with
C:\Users\3B\source\repos\1111\1111\Source.cpp(131,61): warning C4244:         [
C:\Users\3B\source\repos\1111\1111\Source.cpp(131,61): warning C4244:             T=float
C:\Users\3B\source\repos\1111\1111\Source.cpp(131,61): warning C4244:         ]
C:\Users\3B\source\repos\1111\1111\Source.cpp(132,78): warning C4244: 'argument': conversion from 'int' to 'T', possible loss of data
C:\Users\3B\source\repos\1111\1111\Source.cpp(132,78): warning C4244:         with
C:\Users\3B\source\repos\1111\1111\Source.cpp(132,78): warning C4244:         [
C:\Users\3B\source\repos\1111\1111\Source.cpp(132,78): warning C4244:             T=float
C:\Users\3B\source\repos\1111\1111\Source.cpp(132,78): warning C4244:         ]
C:\Users\3B\source\repos\1111\1111\Source.cpp(132,66): warning C4244: 'argument': conversion from 'int' to 'T', possible loss of data
C:\Users\3B\source\repos\1111\1111\Source.cpp(132,66): warning C4244:         with
C:\Users\3B\source\repos\1111\1111\Source.cpp(132,66): warning C4244:         [
C:\Users\3B\source\repos\1111\1111\Source.cpp(132,66): warning C4244:             T=float
C:\Users\3B\source\repos\1111\1111\Source.cpp(132,66): warning C4244:         ]
C:\Users\3B\source\repos\1111\1111\Source.cpp(138,50): warning C4244: 'argument': conversion from 'int' to 'float', possible loss of data
C:\Users\3B\source\repos\1111\1111\Source.cpp(139,64): warning C4244: 'argument': conversion from 'int' to 'float', possible loss of data
C:\Users\3B\source\repos\1111\1111\Source.cpp(139,51): warning C4244: 'argument': conversion from 'int' to 'float', possible loss of data
  1111.vcxproj -> C:\Users\3B\source\repos\1111\x64\Debug\1111.exe
